C51 COMPILER V9.55   T5557                                                                 04/30/2021 14:27:28 PAGE 1   


C51 COMPILER V9.55, COMPILATION OF MODULE T5557
OBJECT MODULE PLACED IN .\OutPut\T5557.obj
COMPILER INVOKED BY: C:\Program Files\Keil_v5\C51\BIN\C51.EXE User\T5557.c BROWSE INCDIR(.\Header) DEBUG OBJECTEXTEND PR
                    -INT(.\Listing\T5557.lst) TABS(2) OBJECT(.\OutPut\T5557.obj)

line level    source

   1          #include"T5557.h"
   2          #include"EM41xx.h"
   3          
   4          #define    Start_Gap  200        //起始   160 200      40*8=320
   5          #define    GapS       100        //间隔   60  150      15*8=120
   6          #define    Bit_One    220        //数据1  220 350      55*8=440 
   7          #define    Bit_Zero   100        //数据   100 100      25*8=200
   8          
   9          
  10          void DelayNus(unsigned int us)   //@24MHz
  11          {
  12   1          unsigned char i;
  13   1        
  14   1          while(us--)
  15   1          {
  16   2              i = 6;
  17   2              while (--i);
  18   2          }
  19   1      }
  20          
  21          void Contrl_RF(bit state,unsigned int dtime)  //控制载波时长 
  22          {
  23   1          if(state) 
  24   1          {
  25   2              Carrier_On();        //开启载波
  26   2          }
  27   1          else
  28   1          {
  29   2              Carrier_Off();         //关闭载波
  30   2          }
  31   1          DelayNus(dtime);  
  32   1      }
  33          
  34          void Standard_Write(unsigned char Block,unsigned long W_data)
  35          {
  36   1          unsigned char i;
  37   1          unsigned char Tbit;
  38   1        
  39   1          Carrier_On();           //开启载波
  40   1          DelayNus(10000);        //POR 启动延时6MS 
  41   1          Contrl_RF(0,Start_Gap);
  42   1      
  43   1          Contrl_RF(1,Bit_One);   //10 对0页  操作码
  44   1          Contrl_RF(0,GapS);
  45   1          Contrl_RF(1,Bit_Zero);  //0
  46   1          Contrl_RF(0,GapS);
  47   1      
  48   1          Contrl_RF(1,Bit_Zero);  //块锁信号 0：不锁
  49   1          Contrl_RF(0,GapS);
  50   1      
  51   1          for(i=0;i<32;i++)
  52   1          {
  53   2              W_data = W_data<<1;
  54   2              if(CY)                        //W_data&Tbit
C51 COMPILER V9.55   T5557                                                                 04/30/2021 14:27:28 PAGE 2   

  55   2              {
  56   3                  Contrl_RF(1,Bit_One);     //1
  57   3              }
  58   2              else
  59   2              {
  60   3                  Contrl_RF(1,Bit_Zero);    //0
  61   3              }
  62   2              Contrl_RF(0,GapS);            //数据间隔      
  63   2          }                 
  64   1          Tbit = 0x04;                      //块地址 0000 0100
  65   1          for(i=0;i<3;i++)
  66   1          {   
  67   2              if(Block & Tbit)
  68   2              {
  69   3                  Contrl_RF(1,Bit_One);     //1 
  70   3              }
  71   2              else
  72   2              {
  73   3                  Contrl_RF(1,Bit_Zero);    //0
  74   3              }
  75   2              Contrl_RF(0,GapS);            //数据间隔
  76   2              Tbit >>= 1;                   //0000 0010
  77   2          }
  78   1          Carrier_On();                     //给卡一个编程的时间
  79   1          DelayNus(10000);
  80   1          Carrier_Off();
  81   1      }


MODULE INFORMATION:   STATIC OVERLAYABLE
   CODE SIZE        =    199    ----
   CONSTANT SIZE    =   ----    ----
   XDATA SIZE       =   ----    ----
   PDATA SIZE       =   ----    ----
   DATA SIZE        =   ----       7
   IDATA SIZE       =   ----    ----
   BIT SIZE         =   ----       1
END OF MODULE INFORMATION.


C51 COMPILATION COMPLETE.  0 WARNING(S),  0 ERROR(S)
